<?xml version="1.0" encoding="UTF-8"?>
<!-- Generated by org.testng.reporters.JUnitReportReporter -->
<testsuite hostname="wangwenting1117" name="com.edu.test.aWebShop.WebShopTest" tests="1" failures="0" timestamp="17 Dec 2019 11:52:17 GMT" time="34.910" errors="0">
  <testcase name="test30" time="34.910" classname="com.edu.test.aWebShop.WebShopTest"/>
</testsuite> <!-- com.edu.test.aWebShop.WebShopTest -->
