<?xml version="1.0" encoding="UTF-8"?>
<!-- Generated by org.testng.reporters.JUnitReportReporter -->
<testsuite skipped="0" hostname="wangwenting1117" name="com.edu.test.PurchaseTest" tests="14" failures="0" timestamp="17 十二月 2019 01:36:27 GMT" time="483.594" errors="0">
  <testcase name="test27" time="43.552" classname="com.edu.test.PurchaseTest"/>
  <testcase name="test29" time="37.820" classname="com.edu.test.PurchaseTest"/>
  <testcase name="test32" time="11.232" classname="com.edu.test.PurchaseTest"/>
  <testcase name="test42" time="16.215" classname="com.edu.test.PurchaseTest"/>
  <testcase name="test33" time="18.183" classname="com.edu.test.PurchaseTest"/>
  <testcase name="test26" time="22.323" classname="com.edu.test.PurchaseTest"/>
  <testcase name="test17" time="62.462" classname="com.edu.test.PurchaseTest"/>
  <testcase name="test21" time="38.398" classname="com.edu.test.PurchaseTest"/>
  <testcase name="test23" time="13.215" classname="com.edu.test.PurchaseTest"/>
  <testcase name="test22" time="14.450" classname="com.edu.test.PurchaseTest"/>
  <testcase name="test28" time="32.087" classname="com.edu.test.PurchaseTest"/>
  <testcase name="test31" time="15.965" classname="com.edu.test.PurchaseTest"/>
  <testcase name="test41" time="112.156" classname="com.edu.test.PurchaseTest"/>
  <testcase name="test25" time="45.536" classname="com.edu.test.PurchaseTest"/>
</testsuite> <!-- com.edu.test.PurchaseTest -->
