<?xml version="1.0" encoding="UTF-8"?>
<!-- Generated by org.testng.reporters.JUnitReportReporter -->
<testsuite skipped="0" hostname="wangwenting1117" name="com.edu.test.Login_x" tests="2" failures="0" timestamp="17 十二月 2019 08:38:50 GMT" time="127.995" errors="0">
  <testcase name="testLogin" time="120.156" classname="com.edu.test.Login_x"/>
  <testcase name="login" time="7.839" classname="com.edu.test.Login_x"/>
</testsuite> <!-- com.edu.test.Login_x -->
