<?xml version="1.0" encoding="UTF-8"?>
<!-- Generated by org.testng.reporters.JUnitReportReporter -->
<testsuite skipped="1" hostname="wangwenting1117" name="com.edu.test.LoginTest" tests="1" failures="0" timestamp="17 十二月 2019 02:18:17 GMT" time="0.000" errors="0">
  <testcase name="TestLogin" time="0.000" classname="com.edu.test.LoginTest">
    <skipped/>
  </testcase> <!-- TestLogin -->
</testsuite> <!-- com.edu.test.LoginTest -->
