<?xml version="1.0" encoding="UTF-8"?>
<!-- Generated by org.testng.reporters.JUnitReportReporter -->
<testsuite skipped="0" hostname="wangwenting1117" name="com.edu.test.aWebShop.PurchaseTest" tests="14" failures="0" timestamp="17 十二月 2019 11:47:09 GMT" time="282.885" errors="0">
  <testcase name="test42" time="13.665" classname="com.edu.test.aWebShop.PurchaseTest"/>
  <testcase name="test31" time="14.624" classname="com.edu.test.aWebShop.PurchaseTest"/>
  <testcase name="test26" time="20.369" classname="com.edu.test.aWebShop.PurchaseTest"/>
  <testcase name="test23" time="12.905" classname="com.edu.test.aWebShop.PurchaseTest"/>
  <testcase name="test27" time="17.794" classname="com.edu.test.aWebShop.PurchaseTest"/>
  <testcase name="test21" time="15.443" classname="com.edu.test.aWebShop.PurchaseTest"/>
  <testcase name="test32" time="10.188" classname="com.edu.test.aWebShop.PurchaseTest"/>
  <testcase name="test25" time="42.553" classname="com.edu.test.aWebShop.PurchaseTest"/>
  <testcase name="test17" time="23.403" classname="com.edu.test.aWebShop.PurchaseTest"/>
  <testcase name="test28" time="30.157" classname="com.edu.test.aWebShop.PurchaseTest"/>
  <testcase name="test22" time="13.939" classname="com.edu.test.aWebShop.PurchaseTest"/>
  <testcase name="test29" time="36.491" classname="com.edu.test.aWebShop.PurchaseTest"/>
  <testcase name="test41" time="14.460" classname="com.edu.test.aWebShop.PurchaseTest"/>
  <testcase name="test33" time="16.894" classname="com.edu.test.aWebShop.PurchaseTest"/>
</testsuite> <!-- com.edu.test.aWebShop.PurchaseTest -->
