<?xml version="1.0" encoding="UTF-8"?>
<!-- Generated by org.testng.reporters.JUnitReportReporter -->
<testsuite skipped="44" hostname="wangwenting1117" name="com.edu.test.GeneralTest" tests="44" failures="0" timestamp="17 十二月 2019 02:18:17 GMT" time="0.000" errors="0">
  <testcase name="testWeek" time="0.000" classname="com.edu.test.GeneralTest">
    <skipped/>
  </testcase> <!-- testWeek -->
  <testcase name="testTimeCustom" time="0.000" classname="com.edu.test.GeneralTest">
    <skipped/>
  </testcase> <!-- testTimeCustom -->
  <testcase name="testWeek" time="0.000" classname="com.edu.test.GeneralTest">
    <skipped/>
  </testcase> <!-- testWeek -->
  <testcase name="testDateFormat" time="0.000" classname="com.edu.test.GeneralTest">
    <skipped/>
  </testcase> <!-- testDateFormat -->
  <testcase name="testTimeCustom" time="0.000" classname="com.edu.test.GeneralTest">
    <skipped/>
  </testcase> <!-- testTimeCustom -->
  <testcase name="testEmailAddress" time="0.000" classname="com.edu.test.GeneralTest">
    <skipped/>
  </testcase> <!-- testEmailAddress -->
  <testcase name="testTimeCustom" time="0.000" classname="com.edu.test.GeneralTest">
    <skipped/>
  </testcase> <!-- testTimeCustom -->
  <testcase name="testEmailAddress" time="0.000" classname="com.edu.test.GeneralTest">
    <skipped/>
  </testcase> <!-- testEmailAddress -->
  <testcase name="testTimezone" time="0.000" classname="com.edu.test.GeneralTest">
    <skipped/>
  </testcase> <!-- testTimezone -->
  <testcase name="testSiteTitle" time="0.000" classname="com.edu.test.GeneralTest">
    <skipped/>
  </testcase> <!-- testSiteTitle -->
  <testcase name="testEmailAddress" time="0.000" classname="com.edu.test.GeneralTest">
    <skipped/>
  </testcase> <!-- testEmailAddress -->
  <testcase name="testTimezone" time="0.000" classname="com.edu.test.GeneralTest">
    <skipped/>
  </testcase> <!-- testTimezone -->
  <testcase name="testEmailAddress" time="0.000" classname="com.edu.test.GeneralTest">
    <skipped/>
  </testcase> <!-- testEmailAddress -->
  <testcase name="testTimeFormat" time="0.000" classname="com.edu.test.GeneralTest">
    <skipped/>
  </testcase> <!-- testTimeFormat -->
  <testcase name="testDateCustom" time="0.000" classname="com.edu.test.GeneralTest">
    <skipped/>
  </testcase> <!-- testDateCustom -->
  <testcase name="testTimezone" time="0.000" classname="com.edu.test.GeneralTest">
    <skipped/>
  </testcase> <!-- testTimezone -->
  <testcase name="testSiteLanguage" time="0.000" classname="com.edu.test.GeneralTest">
    <skipped/>
  </testcase> <!-- testSiteLanguage -->
  <testcase name="testNewUserDefaultRole" time="0.000" classname="com.edu.test.GeneralTest">
    <skipped/>
  </testcase> <!-- testNewUserDefaultRole -->
  <testcase name="testDateCustom" time="0.000" classname="com.edu.test.GeneralTest">
    <skipped/>
  </testcase> <!-- testDateCustom -->
  <testcase name="testNewUserDefaultRole" time="0.000" classname="com.edu.test.GeneralTest">
    <skipped/>
  </testcase> <!-- testNewUserDefaultRole -->
  <testcase name="testMembership" time="0.000" classname="com.edu.test.GeneralTest">
    <skipped/>
  </testcase> <!-- testMembership -->
  <testcase name="testSiteLanguage" time="0.000" classname="com.edu.test.GeneralTest">
    <skipped/>
  </testcase> <!-- testSiteLanguage -->
  <testcase name="testEmailAddress" time="0.000" classname="com.edu.test.GeneralTest">
    <skipped/>
  </testcase> <!-- testEmailAddress -->
  <testcase name="testTagline" time="0.000" classname="com.edu.test.GeneralTest">
    <skipped/>
  </testcase> <!-- testTagline -->
  <testcase name="testSiteTitle" time="0.000" classname="com.edu.test.GeneralTest">
    <skipped/>
  </testcase> <!-- testSiteTitle -->
  <testcase name="testDateCustom" time="0.000" classname="com.edu.test.GeneralTest">
    <skipped/>
  </testcase> <!-- testDateCustom -->
  <testcase name="testDateCustom" time="0.000" classname="com.edu.test.GeneralTest">
    <skipped/>
  </testcase> <!-- testDateCustom -->
  <testcase name="testEmailAddress" time="0.000" classname="com.edu.test.GeneralTest">
    <skipped/>
  </testcase> <!-- testEmailAddress -->
  <testcase name="testDateCustom" time="0.000" classname="com.edu.test.GeneralTest">
    <skipped/>
  </testcase> <!-- testDateCustom -->
  <testcase name="testNewUserDefaultRole" time="0.000" classname="com.edu.test.GeneralTest">
    <skipped/>
  </testcase> <!-- testNewUserDefaultRole -->
  <testcase name="testTagline" time="0.000" classname="com.edu.test.GeneralTest">
    <skipped/>
  </testcase> <!-- testTagline -->
  <testcase name="testDateCustom" time="0.000" classname="com.edu.test.GeneralTest">
    <skipped/>
  </testcase> <!-- testDateCustom -->
  <testcase name="testTimeCustom" time="0.000" classname="com.edu.test.GeneralTest">
    <skipped/>
  </testcase> <!-- testTimeCustom -->
  <testcase name="testEmailAddress" time="0.000" classname="com.edu.test.GeneralTest">
    <skipped/>
  </testcase> <!-- testEmailAddress -->
  <testcase name="testDateCustom" time="0.000" classname="com.edu.test.GeneralTest">
    <skipped/>
  </testcase> <!-- testDateCustom -->
  <testcase name="testSiteLanguage" time="0.000" classname="com.edu.test.GeneralTest">
    <skipped/>
  </testcase> <!-- testSiteLanguage -->
  <testcase name="testSiteTitle" time="0.000" classname="com.edu.test.GeneralTest">
    <skipped/>
  </testcase> <!-- testSiteTitle -->
  <testcase name="testTimeCustom" time="0.000" classname="com.edu.test.GeneralTest">
    <skipped/>
  </testcase> <!-- testTimeCustom -->
  <testcase name="testDateCustom" time="0.000" classname="com.edu.test.GeneralTest">
    <skipped/>
  </testcase> <!-- testDateCustom -->
  <testcase name="testTagline" time="0.000" classname="com.edu.test.GeneralTest">
    <skipped/>
  </testcase> <!-- testTagline -->
  <testcase name="testEmailAddress" time="0.000" classname="com.edu.test.GeneralTest">
    <skipped/>
  </testcase> <!-- testEmailAddress -->
  <testcase name="testTimeCustom" time="0.000" classname="com.edu.test.GeneralTest">
    <skipped/>
  </testcase> <!-- testTimeCustom -->
  <testcase name="testTimeCustom" time="0.000" classname="com.edu.test.GeneralTest">
    <skipped/>
  </testcase> <!-- testTimeCustom -->
  <testcase name="testWeek" time="0.000" classname="com.edu.test.GeneralTest">
    <skipped/>
  </testcase> <!-- testWeek -->
</testsuite> <!-- com.edu.test.GeneralTest -->
