<?xml version="1.0" encoding="UTF-8"?>
<!-- Generated by org.testng.reporters.JUnitReportReporter -->
<testsuite skipped="0" hostname="wangwenting1117" name="com.edu.test.zwangwenting.WpTest" tests="12" failures="0" timestamp="17 十二月 2019 11:47:09 GMT" time="227.909" errors="0">
  <testcase name="test2" time="14.048" classname="com.edu.test.zwangwenting.WpTest"/>
  <testcase name="test1" time="46.297" classname="com.edu.test.zwangwenting.WpTest"/>
  <testcase name="test11" time="17.739" classname="com.edu.test.zwangwenting.WpTest"/>
  <testcase name="test13" time="17.726" classname="com.edu.test.zwangwenting.WpTest"/>
  <testcase name="test12" time="24.253" classname="com.edu.test.zwangwenting.WpTest"/>
  <testcase name="test3" time="15.034" classname="com.edu.test.zwangwenting.WpTest"/>
  <testcase name="test8" time="14.780" classname="com.edu.test.zwangwenting.WpTest"/>
  <testcase name="test9" time="11.280" classname="com.edu.test.zwangwenting.WpTest"/>
  <testcase name="test6" time="16.381" classname="com.edu.test.zwangwenting.WpTest"/>
  <testcase name="test7" time="6.501" classname="com.edu.test.zwangwenting.WpTest"/>
  <testcase name="test10" time="30.107" classname="com.edu.test.zwangwenting.WpTest"/>
  <testcase name="test4" time="13.763" classname="com.edu.test.zwangwenting.WpTest"/>
</testsuite> <!-- com.edu.test.zwangwenting.WpTest -->
