<?xml version="1.0" encoding="UTF-8"?>
<!-- Generated by org.testng.reporters.JUnitReportReporter -->
<testsuite skipped="0" hostname="wangwenting1117" name="com.edu.test.WebShopTest" tests="24" failures="0" timestamp="17 十二月 2019 01:36:27 GMT" time="317.482" errors="0">
  <testcase name="test37" time="8.001" classname="com.edu.test.WebShopTest"/>
  <testcase name="test30" time="46.654" classname="com.edu.test.WebShopTest"/>
  <testcase name="test46" time="10.201" classname="com.edu.test.WebShopTest"/>
  <testcase name="test38" time="9.936" classname="com.edu.test.WebShopTest"/>
  <testcase name="test48" time="10.013" classname="com.edu.test.WebShopTest"/>
  <testcase name="test15" time="6.666" classname="com.edu.test.WebShopTest"/>
  <testcase name="test20" time="11.106" classname="com.edu.test.WebShopTest"/>
  <testcase name="test19" time="8.123" classname="com.edu.test.WebShopTest"/>
  <testcase name="test45" time="9.982" classname="com.edu.test.WebShopTest"/>
  <testcase name="test36" time="9.888" classname="com.edu.test.WebShopTest"/>
  <testcase name="test40" time="13.944" classname="com.edu.test.WebShopTest"/>
  <testcase name="test50" time="27.167" classname="com.edu.test.WebShopTest"/>
  <testcase name="test17" time="8.993" classname="com.edu.test.WebShopTest"/>
  <testcase name="test16" time="6.788" classname="com.edu.test.WebShopTest"/>
  <testcase name="test14" time="26.009" classname="com.edu.test.WebShopTest"/>
  <testcase name="test49" time="9.889" classname="com.edu.test.WebShopTest"/>
  <testcase name="test18" time="13.292" classname="com.edu.test.WebShopTest"/>
  <testcase name="test35" time="11.263" classname="com.edu.test.WebShopTest"/>
  <testcase name="test44" time="10.201" classname="com.edu.test.WebShopTest"/>
  <testcase name="test34" time="16.837" classname="com.edu.test.WebShopTest"/>
  <testcase name="test43" time="12.171" classname="com.edu.test.WebShopTest"/>
  <testcase name="test24" time="10.342" classname="com.edu.test.WebShopTest"/>
  <testcase name="test39" time="9.894" classname="com.edu.test.WebShopTest"/>
  <testcase name="test47" time="10.122" classname="com.edu.test.WebShopTest"/>
</testsuite> <!-- com.edu.test.WebShopTest -->
