<?xml version="1.0" encoding="UTF-8"?>
<!-- Generated by org.testng.reporters.JUnitReportReporter -->
<testsuite skipped="15" hostname="wangwenting1117" name="com.edu.test.ReadingTest" tests="15" failures="0" timestamp="17 十二月 2019 02:18:17 GMT" time="0.000" errors="0">
  <testcase name="testSyndication" time="0.000" classname="com.edu.test.ReadingTest">
    <skipped/>
  </testcase> <!-- testSyndication -->
  <testcase name="testPageShow" time="0.000" classname="com.edu.test.ReadingTest">
    <skipped/>
  </testcase> <!-- testPageShow -->
  <testcase name="testSyndication" time="0.000" classname="com.edu.test.ReadingTest">
    <skipped/>
  </testcase> <!-- testSyndication -->
  <testcase name="testSyndication" time="0.000" classname="com.edu.test.ReadingTest">
    <skipped/>
  </testcase> <!-- testSyndication -->
  <testcase name="testPageShow" time="0.000" classname="com.edu.test.ReadingTest">
    <skipped/>
  </testcase> <!-- testPageShow -->
  <testcase name="testEngine" time="0.000" classname="com.edu.test.ReadingTest">
    <skipped/>
  </testcase> <!-- testEngine -->
  <testcase name="testArticle" time="0.000" classname="com.edu.test.ReadingTest">
    <skipped/>
  </testcase> <!-- testArticle -->
  <testcase name="testPageShow" time="0.000" classname="com.edu.test.ReadingTest">
    <skipped/>
  </testcase> <!-- testPageShow -->
  <testcase name="testSyndication" time="0.000" classname="com.edu.test.ReadingTest">
    <skipped/>
  </testcase> <!-- testSyndication -->
  <testcase name="testSyndication" time="0.000" classname="com.edu.test.ReadingTest">
    <skipped/>
  </testcase> <!-- testSyndication -->
  <testcase name="testSyndication" time="0.000" classname="com.edu.test.ReadingTest">
    <skipped/>
  </testcase> <!-- testSyndication -->
  <testcase name="testPageShow" time="0.000" classname="com.edu.test.ReadingTest">
    <skipped/>
  </testcase> <!-- testPageShow -->
  <testcase name="testPageShow" time="0.000" classname="com.edu.test.ReadingTest">
    <skipped/>
  </testcase> <!-- testPageShow -->
  <testcase name="testHomepage" time="0.000" classname="com.edu.test.ReadingTest">
    <skipped/>
  </testcase> <!-- testHomepage -->
  <testcase name="testPageShow" time="0.000" classname="com.edu.test.ReadingTest">
    <skipped/>
  </testcase> <!-- testPageShow -->
</testsuite> <!-- com.edu.test.ReadingTest -->
