<?xml version="1.0" encoding="UTF-8"?>
<!-- Generated by org.testng.reporters.JUnitReportReporter -->
<testsuite skipped="148" hostname="wangwenting1117" name="com.edu.test.DiscussionTest" tests="150" failures="0" timestamp="17 十二月 2019 03:11:56 GMT" time="0.157" errors="2">
  <testcase name="testEmailAddress" time="0.000" classname="com.edu.test.DiscussionTest">
    <skipped/>
  </testcase> <!-- testEmailAddress -->
  <testcase name="testOther3" time="0.000" classname="com.edu.test.DiscussionTest">
    <skipped/>
  </testcase> <!-- testOther3 -->
  <testcase name="testUrl" time="0.000" classname="com.edu.test.DiscussionTest">
    <skipped/>
  </testcase> <!-- testUrl -->
  <testcase name="testEmailAddress" time="0.000" classname="com.edu.test.DiscussionTest">
    <skipped/>
  </testcase> <!-- testEmailAddress -->
  <testcase name="testTimezone" time="0.000" classname="com.edu.test.DiscussionTest">
    <skipped/>
  </testcase> <!-- testTimezone -->
  <testcase name="testOther3" time="0.000" classname="com.edu.test.DiscussionTest">
    <skipped/>
  </testcase> <!-- testOther3 -->
  <testcase name="testSiteTitle" time="0.000" classname="com.edu.test.DiscussionTest">
    <skipped/>
  </testcase> <!-- testSiteTitle -->
  <testcase name="testTimeCustom" time="0.000" classname="com.edu.test.DiscussionTest">
    <skipped/>
  </testcase> <!-- testTimeCustom -->
  <testcase name="testDateCustom" time="0.000" classname="com.edu.test.DiscussionTest">
    <skipped/>
  </testcase> <!-- testDateCustom -->
  <testcase name="testTimezone" time="0.000" classname="com.edu.test.DiscussionTest">
    <skipped/>
  </testcase> <!-- testTimezone -->
  <testcase name="testUrl" time="0.000" classname="com.edu.test.DiscussionTest">
    <skipped/>
  </testcase> <!-- testUrl -->
  <testcase name="testMediumSize1" time="0.000" classname="com.edu.test.DiscussionTest">
    <skipped/>
  </testcase> <!-- testMediumSize1 -->
  <testcase name="testLargeSize2" time="0.000" classname="com.edu.test.DiscussionTest">
    <skipped/>
  </testcase> <!-- testLargeSize2 -->
  <testcase name="testFormat" time="0.000" classname="com.edu.test.DiscussionTest">
    <error type="org.testng.TestNGException" message="
Cannot inject @Test annotated Method [testFormat] with [class java.lang.String].
For more information on native dependency injection please refer to http://testng.org/doc/documentation-main.html#native-dependency-injection">
      <![CDATA[org.testng.TestNGException: 
Cannot inject @Test annotated Method [testFormat] with [class java.lang.String].
For more information on native dependency injection please refer to http://testng.org/doc/documentation-main.html#native-dependency-injection
at org.testng.internal.Parameters.checkParameterTypes(Parameters.java:407)
at org.testng.internal.Parameters.createParametersForMethod(Parameters.java:356)
at org.testng.internal.Parameters.createParameters(Parameters.java:635)
at org.testng.internal.Parameters.handleParameters(Parameters.java:769)
at org.testng.internal.ParameterHandler.handleParameters(ParameterHandler.java:49)
at org.testng.internal.ParameterHandler.createParameters(ParameterHandler.java:37)
at org.testng.internal.Invoker.invokeTestMethods(Invoker.java:923)
at org.testng.internal.TestMethodWorker.invokeTestMethods(TestMethodWorker.java:125)
at org.testng.internal.TestMethodWorker.run(TestMethodWorker.java:109)
at org.testng.TestRunner.privateRun(TestRunner.java:648)
at org.testng.TestRunner.run(TestRunner.java:505)
at org.testng.SuiteRunner.runTest(SuiteRunner.java:455)
at org.testng.SuiteRunner.runSequentially(SuiteRunner.java:450)
at org.testng.SuiteRunner.privateRun(SuiteRunner.java:415)
at org.testng.SuiteRunner.run(SuiteRunner.java:364)
at org.testng.SuiteRunnerWorker.runSuite(SuiteRunnerWorker.java:52)
at org.testng.SuiteRunnerWorker.run(SuiteRunnerWorker.java:84)
at org.testng.TestNG.runSuitesSequentially(TestNG.java:1208)
at org.testng.TestNG.runSuitesLocally(TestNG.java:1137)
at org.testng.TestNG.runSuites(TestNG.java:1049)
at org.testng.TestNG.run(TestNG.java:1017)
at org.testng.remote.AbstractRemoteTestNG.run(AbstractRemoteTestNG.java:114)
at org.testng.remote.RemoteTestNG.initAndRun(RemoteTestNG.java:251)
at org.testng.remote.RemoteTestNG.main(RemoteTestNG.java:77)
]]>
    </error>
  </testcase> <!-- testFormat -->
  <testcase name="testOther1" time="0.000" classname="com.edu.test.DiscussionTest">
    <skipped/>
  </testcase> <!-- testOther1 -->
  <testcase name="testLargeSize1" time="0.000" classname="com.edu.test.DiscussionTest">
    <skipped/>
  </testcase> <!-- testLargeSize1 -->
  <testcase name="testMediumSize2" time="0.000" classname="com.edu.test.DiscussionTest">
    <skipped/>
  </testcase> <!-- testMediumSize2 -->
  <testcase name="testCategory" time="0.000" classname="com.edu.test.DiscussionTest">
    <skipped/>
  </testcase> <!-- testCategory -->
  <testcase name="testTimezone" time="0.000" classname="com.edu.test.DiscussionTest">
    <skipped/>
  </testcase> <!-- testTimezone -->
  <testcase name="testOther4" time="0.000" classname="com.edu.test.DiscussionTest">
    <skipped/>
  </testcase> <!-- testOther4 -->
  <testcase name="testUrl" time="0.000" classname="com.edu.test.DiscussionTest">
    <skipped/>
  </testcase> <!-- testUrl -->
  <testcase name="testEmailAddress" time="0.000" classname="com.edu.test.DiscussionTest">
    <skipped/>
  </testcase> <!-- testEmailAddress -->
  <testcase name="testLargeSize1" time="0.000" classname="com.edu.test.DiscussionTest">
    <skipped/>
  </testcase> <!-- testLargeSize1 -->
  <testcase name="testTimeCustom" time="0.000" classname="com.edu.test.DiscussionTest">
    <skipped/>
  </testcase> <!-- testTimeCustom -->
  <testcase name="testOther4" time="0.000" classname="com.edu.test.DiscussionTest">
    <skipped/>
  </testcase> <!-- testOther4 -->
  <testcase name="testDateCustom" time="0.000" classname="com.edu.test.DiscussionTest">
    <skipped/>
  </testcase> <!-- testDateCustom -->
  <testcase name="testUrl" time="0.000" classname="com.edu.test.DiscussionTest">
    <skipped/>
  </testcase> <!-- testUrl -->
  <testcase name="testThumbnailSize1" time="0.000" classname="com.edu.test.DiscussionTest">
    <skipped/>
  </testcase> <!-- testThumbnailSize1 -->
  <testcase name="testTimeCustom" time="0.000" classname="com.edu.test.DiscussionTest">
    <skipped/>
  </testcase> <!-- testTimeCustom -->
  <testcase name="testSyndication" time="0.000" classname="com.edu.test.DiscussionTest">
    <skipped/>
  </testcase> <!-- testSyndication -->
  <testcase name="testLargeSize2" time="0.000" classname="com.edu.test.DiscussionTest">
    <skipped/>
  </testcase> <!-- testLargeSize2 -->
  <testcase name="testMediumSize2" time="0.000" classname="com.edu.test.DiscussionTest">
    <skipped/>
  </testcase> <!-- testMediumSize2 -->
  <testcase name="testOther2" time="0.000" classname="com.edu.test.DiscussionTest">
    <skipped/>
  </testcase> <!-- testOther2 -->
  <testcase name="testThumbnailSize2" time="0.000" classname="com.edu.test.DiscussionTest">
    <skipped/>
  </testcase> <!-- testThumbnailSize2 -->
  <testcase name="testTimeCustom" time="0.000" classname="com.edu.test.DiscussionTest">
    <skipped/>
  </testcase> <!-- testTimeCustom -->
  <testcase name="testOther4" time="0.000" classname="com.edu.test.DiscussionTest">
    <skipped/>
  </testcase> <!-- testOther4 -->
  <testcase name="testOther1" time="0.000" classname="com.edu.test.DiscussionTest">
    <skipped/>
  </testcase> <!-- testOther1 -->
  <testcase name="testThumbnailSize1" time="0.000" classname="com.edu.test.DiscussionTest">
    <skipped/>
  </testcase> <!-- testThumbnailSize1 -->
  <testcase name="testModeration1" time="0.000" classname="com.edu.test.DiscussionTest">
    <skipped/>
  </testcase> <!-- testModeration1 -->
  <testcase name="testOther5" time="0.000" classname="com.edu.test.DiscussionTest">
    <skipped/>
  </testcase> <!-- testOther5 -->
  <testcase name="testOther5" time="0.000" classname="com.edu.test.DiscussionTest">
    <skipped/>
  </testcase> <!-- testOther5 -->
  <testcase name="testOther3" time="0.000" classname="com.edu.test.DiscussionTest">
    <skipped/>
  </testcase> <!-- testOther3 -->
  <testcase name="testDateCustom" time="0.000" classname="com.edu.test.DiscussionTest">
    <skipped/>
  </testcase> <!-- testDateCustom -->
  <testcase name="testAppears1" time="0.000" classname="com.edu.test.DiscussionTest">
    <skipped/>
  </testcase> <!-- testAppears1 -->
  <testcase name="testWeek" time="0.000" classname="com.edu.test.DiscussionTest">
    <skipped/>
  </testcase> <!-- testWeek -->
  <testcase name="testPageShow" time="0.000" classname="com.edu.test.DiscussionTest">
    <skipped/>
  </testcase> <!-- testPageShow -->
  <testcase name="testOther3" time="0.000" classname="com.edu.test.DiscussionTest">
    <skipped/>
  </testcase> <!-- testOther3 -->
  <testcase name="testCategory" time="0.000" classname="com.edu.test.DiscussionTest">
    <skipped/>
  </testcase> <!-- testCategory -->
  <testcase name="testCommon" time="0.000" classname="com.edu.test.DiscussionTest">
    <skipped/>
  </testcase> <!-- testCommon -->
  <testcase name="testModeration2" time="0.000" classname="com.edu.test.DiscussionTest">
    <skipped/>
  </testcase> <!-- testModeration2 -->
  <testcase name="testTimeFormat" time="0.000" classname="com.edu.test.DiscussionTest">
    <skipped/>
  </testcase> <!-- testTimeFormat -->
  <testcase name="testMediumSize2" time="0.000" classname="com.edu.test.DiscussionTest">
    <skipped/>
  </testcase> <!-- testMediumSize2 -->
  <testcase name="testDateFormat" time="0.000" classname="com.edu.test.DiscussionTest">
    <skipped/>
  </testcase> <!-- testDateFormat -->
  <testcase name="testLargeSize1" time="0.000" classname="com.edu.test.DiscussionTest">
    <skipped/>
  </testcase> <!-- testLargeSize1 -->
  <testcase name="testModeration1" time="0.000" classname="com.edu.test.DiscussionTest">
    <skipped/>
  </testcase> <!-- testModeration1 -->
  <testcase name="testPageShow" time="0.000" classname="com.edu.test.DiscussionTest">
    <skipped/>
  </testcase> <!-- testPageShow -->
  <testcase name="testOther1" time="0.000" classname="com.edu.test.DiscussionTest">
    <skipped/>
  </testcase> <!-- testOther1 -->
  <testcase name="testEmailMe2" time="0.000" classname="com.edu.test.DiscussionTest">
    <skipped/>
  </testcase> <!-- testEmailMe2 -->
  <testcase name="testEmailAddress" time="0.000" classname="com.edu.test.DiscussionTest">
    <skipped/>
  </testcase> <!-- testEmailAddress -->
  <testcase name="testSiteTitle" time="0.000" classname="com.edu.test.DiscussionTest">
    <skipped/>
  </testcase> <!-- testSiteTitle -->
  <testcase name="testEmailAddress" time="0.000" classname="com.edu.test.DiscussionTest">
    <skipped/>
  </testcase> <!-- testEmailAddress -->
  <testcase name="testEmailAddress" time="0.000" classname="com.edu.test.DiscussionTest">
    <skipped/>
  </testcase> <!-- testEmailAddress -->
  <testcase name="testOther7" time="0.000" classname="com.edu.test.DiscussionTest">
    <skipped/>
  </testcase> <!-- testOther7 -->
  <testcase name="testArticleSetting3" time="0.000" classname="com.edu.test.DiscussionTest">
    <skipped/>
  </testcase> <!-- testArticleSetting3 -->
  <testcase name="testLargeSize1" time="0.000" classname="com.edu.test.DiscussionTest">
    <skipped/>
  </testcase> <!-- testLargeSize1 -->
  <testcase name="testAppears2" time="0.000" classname="com.edu.test.DiscussionTest">
    <skipped/>
  </testcase> <!-- testAppears2 -->
  <testcase name="testNewUserDefaultRole" time="0.000" classname="com.edu.test.DiscussionTest">
    <skipped/>
  </testcase> <!-- testNewUserDefaultRole -->
  <testcase name="testLargeSize2" time="0.000" classname="com.edu.test.DiscussionTest">
    <skipped/>
  </testcase> <!-- testLargeSize2 -->
  <testcase name="testDateCustom" time="0.000" classname="com.edu.test.DiscussionTest">
    <skipped/>
  </testcase> <!-- testDateCustom -->
  <testcase name="testOther8" time="0.000" classname="com.edu.test.DiscussionTest">
    <skipped/>
  </testcase> <!-- testOther8 -->
  <testcase name="testLargeSize2" time="0.000" classname="com.edu.test.DiscussionTest">
    <skipped/>
  </testcase> <!-- testLargeSize2 -->
  <testcase name="testBlacklist" time="0.000" classname="com.edu.test.DiscussionTest">
    <skipped/>
  </testcase> <!-- testBlacklist -->
  <testcase name="testSiteTitle" time="0.000" classname="com.edu.test.DiscussionTest">
    <skipped/>
  </testcase> <!-- testSiteTitle -->
  <testcase name="testMediumSize2" time="0.000" classname="com.edu.test.DiscussionTest">
    <skipped/>
  </testcase> <!-- testMediumSize2 -->
  <testcase name="testModeration2" time="0.000" classname="com.edu.test.DiscussionTest">
    <skipped/>
  </testcase> <!-- testModeration2 -->
  <testcase name="testAvatarDisplay" time="0.000" classname="com.edu.test.DiscussionTest">
    <skipped/>
  </testcase> <!-- testAvatarDisplay -->
  <testcase name="testLargeSize1" time="0.000" classname="com.edu.test.DiscussionTest">
    <skipped/>
  </testcase> <!-- testLargeSize1 -->
  <testcase name="testOther2" time="0.000" classname="com.edu.test.DiscussionTest">
    <skipped/>
  </testcase> <!-- testOther2 -->
  <testcase name="testPageShow" time="0.000" classname="com.edu.test.DiscussionTest">
    <skipped/>
  </testcase> <!-- testPageShow -->
  <testcase name="testTagline" time="0.000" classname="com.edu.test.DiscussionTest">
    <skipped/>
  </testcase> <!-- testTagline -->
  <testcase name="testThumbnailSize2" time="0.000" classname="com.edu.test.DiscussionTest">
    <skipped/>
  </testcase> <!-- testThumbnailSize2 -->
  <testcase name="testMediumSize1" time="0.000" classname="com.edu.test.DiscussionTest">
    <skipped/>
  </testcase> <!-- testMediumSize1 -->
  <testcase name="testRating" time="0.000" classname="com.edu.test.DiscussionTest">
    <skipped/>
  </testcase> <!-- testRating -->
  <testcase name="testNewUserDefaultRole" time="0.000" classname="com.edu.test.DiscussionTest">
    <skipped/>
  </testcase> <!-- testNewUserDefaultRole -->
  <testcase name="testOther6" time="0.000" classname="com.edu.test.DiscussionTest">
    <skipped/>
  </testcase> <!-- testOther6 -->
  <testcase name="testSyndication" time="0.000" classname="com.edu.test.DiscussionTest">
    <skipped/>
  </testcase> <!-- testSyndication -->
  <testcase name="testSiteLanguage" time="0.000" classname="com.edu.test.DiscussionTest">
    <skipped/>
  </testcase> <!-- testSiteLanguage -->
  <testcase name="testSyndication" time="0.000" classname="com.edu.test.DiscussionTest">
    <skipped/>
  </testcase> <!-- testSyndication -->
  <testcase name="testBlacklist" time="0.000" classname="com.edu.test.DiscussionTest">
    <skipped/>
  </testcase> <!-- testBlacklist -->
  <testcase name="testThumbnailSize1" time="0.000" classname="com.edu.test.DiscussionTest">
    <skipped/>
  </testcase> <!-- testThumbnailSize1 -->
  <testcase name="testOther1" time="0.000" classname="com.edu.test.DiscussionTest">
    <skipped/>
  </testcase> <!-- testOther1 -->
  <testcase name="testTagline" time="0.000" classname="com.edu.test.DiscussionTest">
    <skipped/>
  </testcase> <!-- testTagline -->
  <testcase name="testEngine" time="0.000" classname="com.edu.test.DiscussionTest">
    <skipped/>
  </testcase> <!-- testEngine -->
  <testcase name="testMediumSize2" time="0.000" classname="com.edu.test.DiscussionTest">
    <skipped/>
  </testcase> <!-- testMediumSize2 -->
  <testcase name="testArticle" time="0.000" classname="com.edu.test.DiscussionTest">
    <skipped/>
  </testcase> <!-- testArticle -->
  <testcase name="testTimeCustom" time="0.000" classname="com.edu.test.DiscussionTest">
    <skipped/>
  </testcase> <!-- testTimeCustom -->
  <testcase name="testUrl" time="0.000" classname="com.edu.test.DiscussionTest">
    <skipped/>
  </testcase> <!-- testUrl -->
  <testcase name="testSyndication" time="0.000" classname="com.edu.test.DiscussionTest">
    <skipped/>
  </testcase> <!-- testSyndication -->
  <testcase name="testUrl" time="0.000" classname="com.edu.test.DiscussionTest">
    <skipped/>
  </testcase> <!-- testUrl -->
  <testcase name="testSiteLanguage" time="0.000" classname="com.edu.test.DiscussionTest">
    <skipped/>
  </testcase> <!-- testSiteLanguage -->
  <testcase name="testHomepage" time="0.000" classname="com.edu.test.DiscussionTest">
    <skipped/>
  </testcase> <!-- testHomepage -->
  <testcase name="testOther1" time="0.000" classname="com.edu.test.DiscussionTest">
    <skipped/>
  </testcase> <!-- testOther1 -->
  <testcase name="testPageShow" time="0.000" classname="com.edu.test.DiscussionTest">
    <skipped/>
  </testcase> <!-- testPageShow -->
  <testcase name="testModeration1" time="0.000" classname="com.edu.test.DiscussionTest">
    <skipped/>
  </testcase> <!-- testModeration1 -->
  <testcase name="testArticleSetting1" time="0.000" classname="com.edu.test.DiscussionTest">
    <skipped/>
  </testcase> <!-- testArticleSetting1 -->
  <testcase name="testDateCustom" time="0.000" classname="com.edu.test.DiscussionTest">
    <skipped/>
  </testcase> <!-- testDateCustom -->
  <testcase name="testMediumSize1" time="0.000" classname="com.edu.test.DiscussionTest">
    <skipped/>
  </testcase> <!-- testMediumSize1 -->
  <testcase name="testUpload" time="0.000" classname="com.edu.test.DiscussionTest">
    <skipped/>
  </testcase> <!-- testUpload -->
  <testcase name="testDateCustom" time="0.000" classname="com.edu.test.DiscussionTest">
    <skipped/>
  </testcase> <!-- testDateCustom -->
  <testcase name="testOther3" time="0.000" classname="com.edu.test.DiscussionTest">
    <skipped/>
  </testcase> <!-- testOther3 -->
  <testcase name="testPageShow" time="0.000" classname="com.edu.test.DiscussionTest">
    <skipped/>
  </testcase> <!-- testPageShow -->
  <testcase name="testLargeSize1" time="0.000" classname="com.edu.test.DiscussionTest">
    <skipped/>
  </testcase> <!-- testLargeSize1 -->
  <testcase name="testMediumSize1" time="0.000" classname="com.edu.test.DiscussionTest">
    <skipped/>
  </testcase> <!-- testMediumSize1 -->
  <testcase name="testThumbnailSize1" time="0.000" classname="com.edu.test.DiscussionTest">
    <skipped/>
  </testcase> <!-- testThumbnailSize1 -->
  <testcase name="testTimeCustom" time="0.000" classname="com.edu.test.DiscussionTest">
    <skipped/>
  </testcase> <!-- testTimeCustom -->
  <testcase name="testThumbnailSize2" time="0.000" classname="com.edu.test.DiscussionTest">
    <skipped/>
  </testcase> <!-- testThumbnailSize2 -->
  <testcase name="testEmailMe1" time="0.000" classname="com.edu.test.DiscussionTest">
    <skipped/>
  </testcase> <!-- testEmailMe1 -->
  <testcase name="testMembership" time="0.000" classname="com.edu.test.DiscussionTest">
    <skipped/>
  </testcase> <!-- testMembership -->
  <testcase name="testAvatar" time="0.000" classname="com.edu.test.DiscussionTest">
    <skipped/>
  </testcase> <!-- testAvatar -->
  <testcase name="testEmailAddress" time="0.000" classname="com.edu.test.DiscussionTest">
    <skipped/>
  </testcase> <!-- testEmailAddress -->
  <testcase name="testThumbnailSize2" time="0.000" classname="com.edu.test.DiscussionTest">
    <skipped/>
  </testcase> <!-- testThumbnailSize2 -->
  <testcase name="testMediumSize2" time="0.000" classname="com.edu.test.DiscussionTest">
    <skipped/>
  </testcase> <!-- testMediumSize2 -->
  <testcase name="testSyndication" time="0.000" classname="com.edu.test.DiscussionTest">
    <skipped/>
  </testcase> <!-- testSyndication -->
  <testcase name="testEmailAddress" time="0.000" classname="com.edu.test.DiscussionTest">
    <skipped/>
  </testcase> <!-- testEmailAddress -->
  <testcase name="testTimeCustom" time="0.000" classname="com.edu.test.DiscussionTest">
    <skipped/>
  </testcase> <!-- testTimeCustom -->
  <testcase name="testUrl" time="0.000" classname="com.edu.test.DiscussionTest">
    <skipped/>
  </testcase> <!-- testUrl -->
  <testcase name="testWeek" time="0.000" classname="com.edu.test.DiscussionTest">
    <skipped/>
  </testcase> <!-- testWeek -->
  <testcase name="testMediumSize1" time="0.000" classname="com.edu.test.DiscussionTest">
    <skipped/>
  </testcase> <!-- testMediumSize1 -->
  <testcase name="testOther3" time="0.000" classname="com.edu.test.DiscussionTest">
    <skipped/>
  </testcase> <!-- testOther3 -->
  <testcase name="testOther5" time="0.000" classname="com.edu.test.DiscussionTest">
    <skipped/>
  </testcase> <!-- testOther5 -->
  <testcase name="testSyndication" time="0.000" classname="com.edu.test.DiscussionTest">
    <skipped/>
  </testcase> <!-- testSyndication -->
  <testcase name="testLargeSize2" time="0.000" classname="com.edu.test.DiscussionTest">
    <skipped/>
  </testcase> <!-- testLargeSize2 -->
  <testcase name="testOther2" time="0.000" classname="com.edu.test.DiscussionTest">
    <skipped/>
  </testcase> <!-- testOther2 -->
  <testcase name="testPageShow" time="0.000" classname="com.edu.test.DiscussionTest">
    <skipped/>
  </testcase> <!-- testPageShow -->
  <testcase name="testThumbnailSize2" time="0.000" classname="com.edu.test.DiscussionTest">
    <skipped/>
  </testcase> <!-- testThumbnailSize2 -->
  <testcase name="testDateCustom" time="0.000" classname="com.edu.test.DiscussionTest">
    <skipped/>
  </testcase> <!-- testDateCustom -->
  <testcase name="testThumbnailSize1" time="0.000" classname="com.edu.test.DiscussionTest">
    <skipped/>
  </testcase> <!-- testThumbnailSize1 -->
  <testcase name="testMediumSize1" time="0.000" classname="com.edu.test.DiscussionTest">
    <skipped/>
  </testcase> <!-- testMediumSize1 -->
  <testcase name="testLargeSize2" time="0.000" classname="com.edu.test.DiscussionTest">
    <skipped/>
  </testcase> <!-- testLargeSize2 -->
  <testcase name="testArticleSetting2" time="0.000" classname="com.edu.test.DiscussionTest">
    <skipped/>
  </testcase> <!-- testArticleSetting2 -->
  <testcase name="testCategory" time="0.000" classname="com.edu.test.DiscussionTest">
    <skipped/>
  </testcase> <!-- testCategory -->
  <testcase name="open" time="0.157" classname="com.edu.test.DiscussionTest">
    <error type="org.openqa.selenium.WebDriverException" message="Cannot find firefox binary in PATH. Make sure firefox is installed. OS appears to be: WIN10
Build info: version: &#039;3.141.59&#039;, revision: &#039;e82be7d358&#039;, time: &#039;2018-11-14T08:25:53&#039;
System info: host: &#039;WANGWENTING1117&#039;, ip: &#039;169.254.7.175&#039;, os.name: &#039;Windows 10&#039;, os.arch: &#039;amd64&#039;, os.version: &#039;10.0&#039;, java.version: &#039;1.8.0_73&#039;
Driver info: driver.version: FirefoxDriver">
      <![CDATA[org.openqa.selenium.WebDriverException: Cannot find firefox binary in PATH. Make sure firefox is installed. OS appears to be: WIN10
Build info: version: '3.141.59', revision: 'e82be7d358', time: '2018-11-14T08:25:53'
System info: host: 'WANGWENTING1117', ip: '169.254.7.175', os.name: 'Windows 10', os.arch: 'amd64', os.version: '10.0', java.version: '1.8.0_73'
Driver info: driver.version: FirefoxDriver
at org.openqa.selenium.firefox.FirefoxBinary.<init>(FirefoxBinary.java:100)
at java.util.Optional.orElseGet(Unknown Source)
at org.openqa.selenium.firefox.FirefoxOptions.getBinary(FirefoxOptions.java:216)
at org.openqa.selenium.firefox.FirefoxDriver.toExecutor(FirefoxDriver.java:187)
at org.openqa.selenium.firefox.FirefoxDriver.<init>(FirefoxDriver.java:147)
at org.openqa.selenium.firefox.FirefoxDriver.<init>(FirefoxDriver.java:125)
at com.edu.test.DiscussionTest.open(DiscussionTest.java:26)
at sun.reflect.NativeMethodAccessorImpl.invoke0(Native Method)
at sun.reflect.NativeMethodAccessorImpl.invoke(Unknown Source)
at sun.reflect.DelegatingMethodAccessorImpl.invoke(Unknown Source)
at java.lang.reflect.Method.invoke(Unknown Source)
at org.testng.internal.MethodInvocationHelper.invokeMethod(MethodInvocationHelper.java:124)
at org.testng.internal.MethodInvocationHelper.invokeMethodConsideringTimeout(MethodInvocationHelper.java:59)
at org.testng.internal.Invoker.invokeConfigurationMethod(Invoker.java:455)
at org.testng.internal.Invoker.invokeConfigurations(Invoker.java:222)
at org.testng.internal.Invoker.invokeConfigurations(Invoker.java:142)
at org.testng.TestRunner.beforeRun(TestRunner.java:529)
at org.testng.TestRunner.run(TestRunner.java:497)
at org.testng.SuiteRunner.runTest(SuiteRunner.java:455)
at org.testng.SuiteRunner.runSequentially(SuiteRunner.java:450)
at org.testng.SuiteRunner.privateRun(SuiteRunner.java:415)
at org.testng.SuiteRunner.run(SuiteRunner.java:364)
at org.testng.SuiteRunnerWorker.runSuite(SuiteRunnerWorker.java:52)
at org.testng.SuiteRunnerWorker.run(SuiteRunnerWorker.java:84)
at org.testng.TestNG.runSuitesSequentially(TestNG.java:1208)
at org.testng.TestNG.runSuitesLocally(TestNG.java:1137)
at org.testng.TestNG.runSuites(TestNG.java:1049)
at org.testng.TestNG.run(TestNG.java:1017)
at org.testng.remote.AbstractRemoteTestNG.run(AbstractRemoteTestNG.java:114)
at org.testng.remote.RemoteTestNG.initAndRun(RemoteTestNG.java:251)
at org.testng.remote.RemoteTestNG.main(RemoteTestNG.java:77)
]]>
    </error>
  </testcase> <!-- open -->
  <testcase name="testThumbnailSize1" time="0.000" classname="com.edu.test.DiscussionTest">
    <skipped/>
  </testcase> <!-- testThumbnailSize1 -->
  <testcase name="testNewUserDefaultRole" time="0.000" classname="com.edu.test.DiscussionTest">
    <skipped/>
  </testcase> <!-- testNewUserDefaultRole -->
  <testcase name="testTagline" time="0.000" classname="com.edu.test.DiscussionTest">
    <skipped/>
  </testcase> <!-- testTagline -->
  <testcase name="testThumbnailSize2" time="0.000" classname="com.edu.test.DiscussionTest">
    <skipped/>
  </testcase> <!-- testThumbnailSize2 -->
  <testcase name="testOther1" time="0.000" classname="com.edu.test.DiscussionTest">
    <skipped/>
  </testcase> <!-- testOther1 -->
  <testcase name="testWeek" time="0.000" classname="com.edu.test.DiscussionTest">
    <skipped/>
  </testcase> <!-- testWeek -->
  <testcase name="testSiteLanguage" time="0.000" classname="com.edu.test.DiscussionTest">
    <skipped/>
  </testcase> <!-- testSiteLanguage -->
  <testcase name="testDateCustom" time="0.000" classname="com.edu.test.DiscussionTest">
    <skipped/>
  </testcase> <!-- testDateCustom -->
</testsuite> <!-- com.edu.test.DiscussionTest -->
