<?xml version="1.0" encoding="UTF-8"?>
<!-- Generated by org.testng.reporters.JUnitReportReporter -->
<testsuite skipped="37" hostname="wangwenting1117" name="com.edu.test.MediaTest" tests="37" failures="0" timestamp="17 十二月 2019 02:18:17 GMT" time="0.000" errors="0">
  <testcase name="testLargeSize1" time="0.000" classname="com.edu.test.MediaTest">
    <skipped/>
  </testcase> <!-- testLargeSize1 -->
  <testcase name="testLargeSize2" time="0.000" classname="com.edu.test.MediaTest">
    <skipped/>
  </testcase> <!-- testLargeSize2 -->
  <testcase name="testMediumSize1" time="0.000" classname="com.edu.test.MediaTest">
    <skipped/>
  </testcase> <!-- testMediumSize1 -->
  <testcase name="testThumbnailSize1" time="0.000" classname="com.edu.test.MediaTest">
    <skipped/>
  </testcase> <!-- testThumbnailSize1 -->
  <testcase name="testMediumSize1" time="0.000" classname="com.edu.test.MediaTest">
    <skipped/>
  </testcase> <!-- testMediumSize1 -->
  <testcase name="testLargeSize2" time="0.000" classname="com.edu.test.MediaTest">
    <skipped/>
  </testcase> <!-- testLargeSize2 -->
  <testcase name="testThumbnailSize2" time="0.000" classname="com.edu.test.MediaTest">
    <skipped/>
  </testcase> <!-- testThumbnailSize2 -->
  <testcase name="testThumbnailSize2" time="0.000" classname="com.edu.test.MediaTest">
    <skipped/>
  </testcase> <!-- testThumbnailSize2 -->
  <testcase name="testMediumSize2" time="0.000" classname="com.edu.test.MediaTest">
    <skipped/>
  </testcase> <!-- testMediumSize2 -->
  <testcase name="testThumbnailSize2" time="0.000" classname="com.edu.test.MediaTest">
    <skipped/>
  </testcase> <!-- testThumbnailSize2 -->
  <testcase name="testMediumSize2" time="0.000" classname="com.edu.test.MediaTest">
    <skipped/>
  </testcase> <!-- testMediumSize2 -->
  <testcase name="testMediumSize1" time="0.000" classname="com.edu.test.MediaTest">
    <skipped/>
  </testcase> <!-- testMediumSize1 -->
  <testcase name="testMediumSize1" time="0.000" classname="com.edu.test.MediaTest">
    <skipped/>
  </testcase> <!-- testMediumSize1 -->
  <testcase name="testMediumSize1" time="0.000" classname="com.edu.test.MediaTest">
    <skipped/>
  </testcase> <!-- testMediumSize1 -->
  <testcase name="testLargeSize2" time="0.000" classname="com.edu.test.MediaTest">
    <skipped/>
  </testcase> <!-- testLargeSize2 -->
  <testcase name="testLargeSize1" time="0.000" classname="com.edu.test.MediaTest">
    <skipped/>
  </testcase> <!-- testLargeSize1 -->
  <testcase name="testLargeSize1" time="0.000" classname="com.edu.test.MediaTest">
    <skipped/>
  </testcase> <!-- testLargeSize1 -->
  <testcase name="testThumbnailSize1" time="0.000" classname="com.edu.test.MediaTest">
    <skipped/>
  </testcase> <!-- testThumbnailSize1 -->
  <testcase name="testThumbnailSize1" time="0.000" classname="com.edu.test.MediaTest">
    <skipped/>
  </testcase> <!-- testThumbnailSize1 -->
  <testcase name="testMediumSize2" time="0.000" classname="com.edu.test.MediaTest">
    <skipped/>
  </testcase> <!-- testMediumSize2 -->
  <testcase name="testUpload" time="0.000" classname="com.edu.test.MediaTest">
    <skipped/>
  </testcase> <!-- testUpload -->
  <testcase name="testMediumSize2" time="0.000" classname="com.edu.test.MediaTest">
    <skipped/>
  </testcase> <!-- testMediumSize2 -->
  <testcase name="testThumbnailSize2" time="0.000" classname="com.edu.test.MediaTest">
    <skipped/>
  </testcase> <!-- testThumbnailSize2 -->
  <testcase name="testLargeSize2" time="0.000" classname="com.edu.test.MediaTest">
    <skipped/>
  </testcase> <!-- testLargeSize2 -->
  <testcase name="testMediumSize2" time="0.000" classname="com.edu.test.MediaTest">
    <skipped/>
  </testcase> <!-- testMediumSize2 -->
  <testcase name="testThumbnailSize1" time="0.000" classname="com.edu.test.MediaTest">
    <skipped/>
  </testcase> <!-- testThumbnailSize1 -->
  <testcase name="testLargeSize1" time="0.000" classname="com.edu.test.MediaTest">
    <skipped/>
  </testcase> <!-- testLargeSize1 -->
  <testcase name="testLargeSize1" time="0.000" classname="com.edu.test.MediaTest">
    <skipped/>
  </testcase> <!-- testLargeSize1 -->
  <testcase name="testThumbnailSize2" time="0.000" classname="com.edu.test.MediaTest">
    <skipped/>
  </testcase> <!-- testThumbnailSize2 -->
  <testcase name="testLargeSize2" time="0.000" classname="com.edu.test.MediaTest">
    <skipped/>
  </testcase> <!-- testLargeSize2 -->
  <testcase name="testLargeSize2" time="0.000" classname="com.edu.test.MediaTest">
    <skipped/>
  </testcase> <!-- testLargeSize2 -->
  <testcase name="testLargeSize1" time="0.000" classname="com.edu.test.MediaTest">
    <skipped/>
  </testcase> <!-- testLargeSize1 -->
  <testcase name="testMediumSize1" time="0.000" classname="com.edu.test.MediaTest">
    <skipped/>
  </testcase> <!-- testMediumSize1 -->
  <testcase name="testThumbnailSize1" time="0.000" classname="com.edu.test.MediaTest">
    <skipped/>
  </testcase> <!-- testThumbnailSize1 -->
  <testcase name="testThumbnailSize1" time="0.000" classname="com.edu.test.MediaTest">
    <skipped/>
  </testcase> <!-- testThumbnailSize1 -->
  <testcase name="testMediumSize2" time="0.000" classname="com.edu.test.MediaTest">
    <skipped/>
  </testcase> <!-- testMediumSize2 -->
  <testcase name="testThumbnailSize2" time="0.000" classname="com.edu.test.MediaTest">
    <skipped/>
  </testcase> <!-- testThumbnailSize2 -->
</testsuite> <!-- com.edu.test.MediaTest -->
