<?xml version="1.0" encoding="UTF-8"?>
<!-- Generated by org.testng.reporters.JUnitReportReporter -->
<testsuite hostname="DESKTOP-AJCBIEJ" name="com.edu.test.SkuListTest" tests="1" failures="0" timestamp="19 Dec 2019 00:12:53 GMT" time="0.661" errors="0">
  <testcase name="testByPara" time="0.661" classname="com.edu.test.SkuListTest"/>
</testsuite> <!-- com.edu.test.SkuListTest -->
