<?xml version="1.0" encoding="UTF-8"?>
<!-- Generated by org.testng.reporters.JUnitReportReporter -->
<testsuite hostname="DESKTOP-AJCBIEJ" name="com.edu.test.AddAddress" tests="1" failures="0" timestamp="19 Dec 2019 00:12:31 GMT" time="0.788" errors="0">
  <testcase name="Testadd" time="0.788" classname="com.edu.test.AddAddress"/>
</testsuite> <!-- com.edu.test.AddAddress -->
