<?xml version="1.0" encoding="UTF-8"?>
<!-- Generated by org.testng.reporters.JUnitReportReporter -->
<testsuite hostname="DESKTOP-AJCBIEJ" name="com.edu.test.GetTransportFee" tests="1" failures="0" timestamp="19 Dec 2019 00:13:28 GMT" time="4.092" errors="0">
  <testcase name="test" time="4.092" classname="com.edu.test.GetTransportFee"/>
</testsuite> <!-- com.edu.test.GetTransportFee -->
