<?xml version="1.0" encoding="UTF-8"?>
<!-- Generated by org.testng.reporters.JUnitReportReporter -->
<testsuite hostname="DESKTOP-AJCBIEJ" name="com.edu.test.Submit" tests="1" failures="0" timestamp="19 Dec 2019 00:11:41 GMT" time="0.688" errors="0">
  <testcase name="test1" time="0.688" classname="com.edu.test.Submit"/>
</testsuite> <!-- com.edu.test.Submit -->
