<?xml version="1.0" encoding="UTF-8"?>
<!-- Generated by org.testng.reporters.JUnitReportReporter -->
<testsuite hostname="DESKTOP-AJCBIEJ" name="com.edu.test.DeleteAddress" tests="1" failures="0" timestamp="18 Dec 2019 07:31:57 GMT" time="0.835" errors="0">
  <testcase name="test1" time="0.835" classname="com.edu.test.DeleteAddress"/>
</testsuite> <!-- com.edu.test.DeleteAddress -->
