<?xml version="1.0" encoding="UTF-8"?>
<!-- Generated by org.testng.reporters.JUnitReportReporter -->
<testsuite hostname="DESKTOP-AJCBIEJ" name="com.edu.test.LoginTest" tests="1" failures="0" timestamp="19 Dec 2019 00:12:44 GMT" time="0.679" errors="0">
  <testcase name="testLoginSuccess" time="0.679" classname="com.edu.test.LoginTest"/>
</testsuite> <!-- com.edu.test.LoginTest -->
