<?xml version="1.0" encoding="UTF-8"?>
<!-- Generated by org.testng.reporters.JUnitReportReporter -->
<testsuite hostname="DESKTOP-AJCBIEJ" name="com.edu.test.AddressList" tests="1" failures="0" timestamp="17 Dec 2019 00:45:21 GMT" time="5.900" errors="0">
  <testcase name="test" time="5.900" classname="com.edu.test.AddressList"/>
</testsuite> <!-- com.edu.test.AddressList -->
